<?xml version="1.0" encoding="UTF-8"?>
<!-- Generated by org.testng.reporters.JUnitReportReporter -->
<testsuite skipped="0" hostname="SMSL044" name="suiteTest.Regression" tests="1" failures="0" timestamp="18 ene 2019 14:10:44 GMT" time="29.296" errors="0">
  <testcase name="TestPildoras" time="29.296" classname="suiteTest.Regression"/>
</testsuite> <!-- suiteTest.Regression -->
